Flutter crash report; please file at https://github.com/flutter/flutter/issues.

## command

flutter --no-color packages get

## exception

YamlException: Error on line 44, column 5: Expected a key while parsing a block mapping.
    assets:
    ^

```
#0      Parser._parseBlockMappingKey (package:yaml/src/parser.dart:448:5)
#1      Parser._stateMachine (package:yaml/src/parser.dart:86:16)
#2      Parser.parse (package:yaml/src/parser.dart:47:19)
#3      Loader._loadMapping (package:yaml/src/loader.dart:171:23)
#4      Loader._loadNode (package:yaml/src/loader.dart:86:16)
#5      Loader._loadMapping (package:yaml/src/loader.dart:165:19)
#6      Loader._loadNode (package:yaml/src/loader.dart:86:16)
#7      Loader._loadDocument (package:yaml/src/loader.dart:62:20)
#8      Loader.load (package:yaml/src/loader.dart:54:20)
#9      loadYamlDocument (package:yaml/yaml.dart:51:25)
#10     loadYamlNode (package:yaml/yaml.dart:42:5)
#11     loadYaml (package:yaml/yaml.dart:34:5)
#12     _pluginFromPubspec (package:flutter_tools/src/plugins.dart:62:27)
#13     findPlugins.<anonymous closure> (package:flutter_tools/src/plugins.dart:85:27)
#14     __InternalLinkedHashMap&_HashVMBase&MapMixin&_LinkedHashMapMixin.forEach (dart:collection/runtime/libcompact_hash.dart:365:8)
#15     findPlugins (package:flutter_tools/src/plugins.dart:83:12)
#16     injectPlugins (package:flutter_tools/src/plugins.dart:296:32)
<asynchronous suspension>
#17     FlutterProject.ensureReadyForPlatformSpecificTooling (package:flutter_tools/src/project.dart:142:11)
<asynchronous suspension>
#18     PackagesGetCommand.runCommand (package:flutter_tools/src/commands/packages.dart:84:23)
<asynchronous suspension>
#19     FlutterCommand.verifyThenRunCommand (package:flutter_tools/src/runner/flutter_command.dart:372:18)
#20     _asyncThenWrapperHelper.<anonymous closure> (dart:async/runtime/libasync_patch.dart:77:64)
#21     _rootRunUnary (dart:async/zone.dart:1132:38)
#22     _CustomZone.runUnary (dart:async/zone.dart:1029:19)
#23     _FutureListener.handleValue (dart:async/future_impl.dart:129:18)
#24     Future._propagateToListeners.handleValueCallback (dart:async/future_impl.dart:642:45)
#25     Future._propagateToListeners (dart:async/future_impl.dart:671:32)
#26     Future._complete (dart:async/future_impl.dart:476:7)
#27     _SyncCompleter.complete (dart:async/future_impl.dart:51:12)
#28     _AsyncAwaitCompleter.complete.<anonymous closure> (dart:async/runtime/libasync_patch.dart:33:20)
#29     _rootRun (dart:async/zone.dart:1124:13)
#30     _CustomZone.run (dart:async/zone.dart:1021:19)
#31     _CustomZone.bindCallback.<anonymous closure> (dart:async/zone.dart:947:23)
#32     _microtaskLoop (dart:async/schedule_microtask.dart:41:21)
#33     _startMicrotaskLoop (dart:async/schedule_microtask.dart:50:5)
#34     _runPendingImmediateCallback (dart:isolate/runtime/libisolate_patch.dart:115:13)
#35     _RawReceivePortImpl._handleMessage (dart:isolate/runtime/libisolate_patch.dart:172:5)
```

## flutter doctor

```
[✓] Flutter (Channel beta, v0.8.2, on Mac OS X 10.13.6 17G65, locale en-US)
    • Flutter version 0.8.2 at /flutter
    • Framework revision 5ab9e70727 (4 weeks ago), 2018-09-07 12:33:05 -0700
    • Engine revision 58a1894a1c
    • Dart version 2.1.0-dev.3.1.flutter-760a9690c2

[✓] Android toolchain - develop for Android devices (Android SDK 28.0.2)
    • Android SDK at /Users/muhammed/Library/Android/sdk
    • Android NDK location not configured (optional; useful for native profiling support)
    • Platform android-28, build-tools 28.0.2
    • Java binary at: /Applications/Android Studio.app/Contents/jre/jdk/Contents/Home/bin/java
    • Java version OpenJDK Runtime Environment (build 1.8.0_152-release-1024-b01)
    • All Android licenses accepted.

[✓] iOS toolchain - develop for iOS devices (Xcode 10.0)
    • Xcode at /Applications/Xcode.app/Contents/Developer
    • Xcode 10.0, Build version 10A255
    • ios-deploy 2.0.0
    • CocoaPods version 1.5.3

[✓] Android Studio (version 3.1)
    • Android Studio at /Applications/Android Studio.app/Contents
    • Flutter plugin version 28.0.1
    • Dart plugin version 173.4700
    • Java version OpenJDK Runtime Environment (build 1.8.0_152-release-1024-b01)

[✓] IntelliJ IDEA Community Edition (version 2018.2.2)
    • IntelliJ at /Applications/IntelliJ IDEA CE.app
    • Flutter plugin version 28.0.4
    • Dart plugin version 182.4129.13

[✓] VS Code (version 1.27.2)
    • VS Code at /Applications/Visual Studio Code.app/Contents
    • Flutter extension version 2.19.0

[✓] Connected devices (1 available)
    • iPhone XS Max • 4B7E0732-C067-472B-A63E-B3593E34E461 • ios • iOS 12.0 (simulator)

• No issues found!
```
